
  .   ____          _            __ _ _
 /\\ / ___'_ __ _ _(_)_ __  __ _ \ \ \ \
( ( )\___ | '_ | '_| | '_ \/ _` | \ \ \ \
 \\/  ___)| |_)| | | | | || (_| |  ) ) ) )
  '  |____| .__|_| |_|_| |_\__, | / / / /
 =========|_|==============|___/=/_/_/_/
 :: Spring Boot ::               (v2.6.13)

2023-08-02 22:22:02.774  INFO 22753 --- [           main] com.gogohd.gateway.GatewayApplication    : Starting GatewayApplication v0.0.1-SNAPSHOT using Java 11.0.19 on BohandeMacBook-Pro.local with PID 22753 (/Users/bohanzhang/COMP9900/backend/brainoverflow/service_gateway/target/service_gateway-0.0.1-SNAPSHOT.jar started by bohanzhang in /Users/bohanzhang/COMP9900/backend)
2023-08-02 22:22:02.778  INFO 22753 --- [           main] com.gogohd.gateway.GatewayApplication    : The following 1 profile is active: "dev"
2023-08-02 22:22:03.620  INFO 22753 --- [           main] o.s.cloud.context.scope.GenericScope     : BeanFactory id=ba111587-c2a8-3cb5-9985-0af8cd446496
2023-08-02 22:22:03.693  INFO 22753 --- [           main] trationDelegate$BeanPostProcessorChecker : Bean 'org.springframework.cloud.client.loadbalancer.reactive.LoadBalancerBeanPostProcessorAutoConfiguration' of type [org.springframework.cloud.client.loadbalancer.reactive.LoadBalancerBeanPostProcessorAutoConfiguration] is not eligible for getting processed by all BeanPostProcessors (for example: not eligible for auto-proxying)
2023-08-02 22:22:03.694  INFO 22753 --- [           main] trationDelegate$BeanPostProcessorChecker : Bean 'org.springframework.cloud.client.loadbalancer.reactive.LoadBalancerBeanPostProcessorAutoConfiguration$ReactorDeferringLoadBalancerFilterConfig' of type [org.springframework.cloud.client.loadbalancer.reactive.LoadBalancerBeanPostProcessorAutoConfiguration$ReactorDeferringLoadBalancerFilterConfig] is not eligible for getting processed by all BeanPostProcessors (for example: not eligible for auto-proxying)
2023-08-02 22:22:03.696  INFO 22753 --- [           main] trationDelegate$BeanPostProcessorChecker : Bean 'reactorDeferringLoadBalancerExchangeFilterFunction' of type [org.springframework.cloud.client.loadbalancer.reactive.DeferringLoadBalancerExchangeFilterFunction] is not eligible for getting processed by all BeanPostProcessors (for example: not eligible for auto-proxying)
2023-08-02 22:22:04.519  INFO 22753 --- [           main] o.s.c.g.r.RouteDefinitionRouteLocator    : Loaded RoutePredicateFactory [After]
2023-08-02 22:22:04.519  INFO 22753 --- [           main] o.s.c.g.r.RouteDefinitionRouteLocator    : Loaded RoutePredicateFactory [Before]
2023-08-02 22:22:04.519  INFO 22753 --- [           main] o.s.c.g.r.RouteDefinitionRouteLocator    : Loaded RoutePredicateFactory [Between]
2023-08-02 22:22:04.519  INFO 22753 --- [           main] o.s.c.g.r.RouteDefinitionRouteLocator    : Loaded RoutePredicateFactory [Cookie]
2023-08-02 22:22:04.519  INFO 22753 --- [           main] o.s.c.g.r.RouteDefinitionRouteLocator    : Loaded RoutePredicateFactory [Header]
2023-08-02 22:22:04.519  INFO 22753 --- [           main] o.s.c.g.r.RouteDefinitionRouteLocator    : Loaded RoutePredicateFactory [Host]
2023-08-02 22:22:04.519  INFO 22753 --- [           main] o.s.c.g.r.RouteDefinitionRouteLocator    : Loaded RoutePredicateFactory [Method]
2023-08-02 22:22:04.519  INFO 22753 --- [           main] o.s.c.g.r.RouteDefinitionRouteLocator    : Loaded RoutePredicateFactory [Path]
2023-08-02 22:22:04.519  INFO 22753 --- [           main] o.s.c.g.r.RouteDefinitionRouteLocator    : Loaded RoutePredicateFactory [Query]
2023-08-02 22:22:04.519  INFO 22753 --- [           main] o.s.c.g.r.RouteDefinitionRouteLocator    : Loaded RoutePredicateFactory [ReadBody]
2023-08-02 22:22:04.519  INFO 22753 --- [           main] o.s.c.g.r.RouteDefinitionRouteLocator    : Loaded RoutePredicateFactory [RemoteAddr]
2023-08-02 22:22:04.519  INFO 22753 --- [           main] o.s.c.g.r.RouteDefinitionRouteLocator    : Loaded RoutePredicateFactory [XForwardedRemoteAddr]
2023-08-02 22:22:04.519  INFO 22753 --- [           main] o.s.c.g.r.RouteDefinitionRouteLocator    : Loaded RoutePredicateFactory [Weight]
2023-08-02 22:22:04.519  INFO 22753 --- [           main] o.s.c.g.r.RouteDefinitionRouteLocator    : Loaded RoutePredicateFactory [CloudFoundryRouteService]
2023-08-02 22:22:04.748  INFO 22753 --- [           main] DiscoveryClientOptionalArgsConfiguration : Eureka HTTP Client uses RestTemplate.
2023-08-02 22:22:04.853  WARN 22753 --- [           main] iguration$LoadBalancerCaffeineWarnLogger : Spring Cloud LoadBalancer is currently working with the default cache. While this cache implementation is useful for development and tests, it's recommended to use Caffeine cache in production.You can switch to using Caffeine cache, by adding it and org.springframework.cache.caffeine.CaffeineCacheManager to the classpath.
2023-08-02 22:22:04.879  INFO 22753 --- [           main] o.s.c.n.eureka.InstanceInfoFactory       : Setting initial instance status as: STARTING
2023-08-02 22:22:04.994  INFO 22753 --- [           main] com.netflix.discovery.DiscoveryClient    : Initializing Eureka in region us-east-1
2023-08-02 22:22:05.002  INFO 22753 --- [           main] c.n.d.s.r.aws.ConfigClusterResolver      : Resolving eureka endpoints via configuration
2023-08-02 22:22:05.031  INFO 22753 --- [           main] com.netflix.discovery.DiscoveryClient    : Disable delta property : false
2023-08-02 22:22:05.032  INFO 22753 --- [           main] com.netflix.discovery.DiscoveryClient    : Single vip registry refresh property : null
2023-08-02 22:22:05.032  INFO 22753 --- [           main] com.netflix.discovery.DiscoveryClient    : Force full registry fetch : false
2023-08-02 22:22:05.032  INFO 22753 --- [           main] com.netflix.discovery.DiscoveryClient    : Application is null : false
2023-08-02 22:22:05.032  INFO 22753 --- [           main] com.netflix.discovery.DiscoveryClient    : Registered Applications size is zero : true
2023-08-02 22:22:05.032  INFO 22753 --- [           main] com.netflix.discovery.DiscoveryClient    : Application version is -1: true
2023-08-02 22:22:05.032  INFO 22753 --- [           main] com.netflix.discovery.DiscoveryClient    : Getting all instance registry info from the eureka server
2023-08-02 22:22:05.730  INFO 22753 --- [           main] com.netflix.discovery.DiscoveryClient    : The response status is 200
2023-08-02 22:22:05.732  INFO 22753 --- [           main] com.netflix.discovery.DiscoveryClient    : Starting heartbeat executor: renew interval is: 30
2023-08-02 22:22:05.734  INFO 22753 --- [           main] c.n.discovery.InstanceInfoReplicator     : InstanceInfoReplicator onDemand update allowed rate per min is 4
2023-08-02 22:22:05.739  INFO 22753 --- [           main] com.netflix.discovery.DiscoveryClient    : Discovery Client initialized at timestamp 1690978925738 with initial instances count: 0
2023-08-02 22:22:05.740  INFO 22753 --- [           main] o.s.c.n.e.s.EurekaServiceRegistry        : Registering application SERVICE-GATEWAY with eureka with status UP
2023-08-02 22:22:05.741  INFO 22753 --- [           main] com.netflix.discovery.DiscoveryClient    : Saw local status change event StatusChangeEvent [timestamp=1690978925741, current=UP, previous=STARTING]
2023-08-02 22:22:05.743  INFO 22753 --- [nfoReplicator-0] com.netflix.discovery.DiscoveryClient    : DiscoveryClient_SERVICE-GATEWAY/service-gateway:192.168.1.106:10900: registering service...
2023-08-02 22:22:05.965  INFO 22753 --- [           main] o.s.b.web.embedded.netty.NettyWebServer  : Netty started on port 10900
2023-08-02 22:22:05.966  INFO 22753 --- [           main] .s.c.n.e.s.EurekaAutoServiceRegistration : Updating port to 10900
2023-08-02 22:22:05.998  INFO 22753 --- [           main] com.gogohd.gateway.GatewayApplication    : Started GatewayApplication in 3.705 seconds (JVM running for 4.136)
2023-08-02 22:22:06.005  INFO 22753 --- [nfoReplicator-0] com.netflix.discovery.DiscoveryClient    : DiscoveryClient_SERVICE-GATEWAY/service-gateway:192.168.1.106:10900 - registration status: 204
2023-08-02 22:22:35.733  INFO 22753 --- [freshExecutor-0] com.netflix.discovery.DiscoveryClient    : Disable delta property : false
2023-08-02 22:22:35.734  INFO 22753 --- [freshExecutor-0] com.netflix.discovery.DiscoveryClient    : Single vip registry refresh property : null
2023-08-02 22:22:35.734  INFO 22753 --- [freshExecutor-0] com.netflix.discovery.DiscoveryClient    : Force full registry fetch : false
2023-08-02 22:22:35.734  INFO 22753 --- [freshExecutor-0] com.netflix.discovery.DiscoveryClient    : Application is null : false
2023-08-02 22:22:35.734  INFO 22753 --- [freshExecutor-0] com.netflix.discovery.DiscoveryClient    : Registered Applications size is zero : true
2023-08-02 22:22:35.734  INFO 22753 --- [freshExecutor-0] com.netflix.discovery.DiscoveryClient    : Application version is -1: false
2023-08-02 22:22:35.734  INFO 22753 --- [freshExecutor-0] com.netflix.discovery.DiscoveryClient    : Getting all instance registry info from the eureka server
2023-08-02 22:22:35.753  INFO 22753 --- [freshExecutor-0] com.netflix.discovery.DiscoveryClient    : The response status is 200
2023-08-02 22:23:15.287  INFO 22753 --- [ionShutdownHook] o.s.c.n.e.s.EurekaServiceRegistry        : Unregistering application SERVICE-GATEWAY with eureka with status DOWN
2023-08-02 22:23:15.287  INFO 22753 --- [ionShutdownHook] com.netflix.discovery.DiscoveryClient    : Saw local status change event StatusChangeEvent [timestamp=1690978995287, current=DOWN, previous=UP]
2023-08-02 22:23:15.287  INFO 22753 --- [nfoReplicator-0] com.netflix.discovery.DiscoveryClient    : DiscoveryClient_SERVICE-GATEWAY/service-gateway:192.168.1.106:10900: registering service...
2023-08-02 22:23:15.293  INFO 22753 --- [nfoReplicator-0] com.netflix.discovery.DiscoveryClient    : DiscoveryClient_SERVICE-GATEWAY/service-gateway:192.168.1.106:10900 - registration status: 204
2023-08-02 22:23:17.362  INFO 22753 --- [ionShutdownHook] com.netflix.discovery.DiscoveryClient    : Shutting down DiscoveryClient ...
2023-08-02 22:23:20.367  INFO 22753 --- [ionShutdownHook] com.netflix.discovery.DiscoveryClient    : Unregistering ...
2023-08-02 22:23:20.374  INFO 22753 --- [ionShutdownHook] com.netflix.discovery.DiscoveryClient    : DiscoveryClient_SERVICE-GATEWAY/service-gateway:192.168.1.106:10900 - deregister  status: 200
2023-08-02 22:23:20.379  INFO 22753 --- [ionShutdownHook] com.netflix.discovery.DiscoveryClient    : Completed shut down of DiscoveryClient
