
  .   ____          _            __ _ _
 /\\ / ___'_ __ _ _(_)_ __  __ _ \ \ \ \
( ( )\___ | '_ | '_| | '_ \/ _` | \ \ \ \
 \\/  ___)| |_)| | | | | || (_| |  ) ) ) )
  '  |____| .__|_| |_|_| |_\__, | / / / /
 =========|_|==============|___/=/_/_/_/
 :: Spring Boot ::               (v2.6.13)

2023-08-02 22:22:26.302  INFO 25127 --- [           main] com.gogohd.stream.StreamApplication      : Starting StreamApplication v0.0.1-SNAPSHOT using Java 11.0.19 on BohandeMacBook-Pro.local with PID 25127 (/Users/bohanzhang/COMP9900/backend/brainoverflow/service_stream/target/service_stream-0.0.1-SNAPSHOT.jar started by bohanzhang in /Users/bohanzhang/COMP9900/backend)
2023-08-02 22:22:26.306  INFO 25127 --- [           main] com.gogohd.stream.StreamApplication      : The following 1 profile is active: "dev"
2023-08-02 22:22:27.421  INFO 25127 --- [           main] .s.d.r.c.RepositoryConfigurationDelegate : Multiple Spring Data modules found, entering strict repository configuration mode
2023-08-02 22:22:27.425  INFO 25127 --- [           main] .s.d.r.c.RepositoryConfigurationDelegate : Bootstrapping Spring Data Redis repositories in DEFAULT mode.
2023-08-02 22:22:27.455  INFO 25127 --- [           main] .s.d.r.c.RepositoryConfigurationDelegate : Finished Spring Data repository scanning in 10 ms. Found 0 Redis repository interfaces.
2023-08-02 22:22:27.820  INFO 25127 --- [           main] o.s.cloud.context.scope.GenericScope     : BeanFactory id=de73d5fb-98ab-391f-bfa6-fd0bb6dbfc06
2023-08-02 22:22:28.202  INFO 25127 --- [           main] trationDelegate$BeanPostProcessorChecker : Bean 'org.springframework.cloud.client.loadbalancer.reactive.LoadBalancerBeanPostProcessorAutoConfiguration' of type [org.springframework.cloud.client.loadbalancer.reactive.LoadBalancerBeanPostProcessorAutoConfiguration] is not eligible for getting processed by all BeanPostProcessors (for example: not eligible for auto-proxying)
2023-08-02 22:22:28.203  INFO 25127 --- [           main] trationDelegate$BeanPostProcessorChecker : Bean 'org.springframework.cloud.client.loadbalancer.reactive.LoadBalancerBeanPostProcessorAutoConfiguration$ReactorDeferringLoadBalancerFilterConfig' of type [org.springframework.cloud.client.loadbalancer.reactive.LoadBalancerBeanPostProcessorAutoConfiguration$ReactorDeferringLoadBalancerFilterConfig] is not eligible for getting processed by all BeanPostProcessors (for example: not eligible for auto-proxying)
2023-08-02 22:22:28.204  INFO 25127 --- [           main] trationDelegate$BeanPostProcessorChecker : Bean 'reactorDeferringLoadBalancerExchangeFilterFunction' of type [org.springframework.cloud.client.loadbalancer.reactive.DeferringLoadBalancerExchangeFilterFunction] is not eligible for getting processed by all BeanPostProcessors (for example: not eligible for auto-proxying)
2023-08-02 22:22:28.481  INFO 25127 --- [           main] o.s.b.w.embedded.tomcat.TomcatWebServer  : Tomcat initialized with port(s): 10940 (http)
2023-08-02 22:22:28.495  INFO 25127 --- [           main] o.apache.catalina.core.StandardService   : Starting service [Tomcat]
2023-08-02 22:22:28.496  INFO 25127 --- [           main] org.apache.catalina.core.StandardEngine  : Starting Servlet engine: [Apache Tomcat/9.0.68]
2023-08-02 22:22:28.590  INFO 25127 --- [           main] o.a.c.c.C.[Tomcat].[localhost].[/]       : Initializing Spring embedded WebApplicationContext
2023-08-02 22:22:28.590  INFO 25127 --- [           main] w.s.c.ServletWebServerApplicationContext : Root WebApplicationContext: initialization completed in 2198 ms
Logging initialized using 'class org.apache.ibatis.logging.stdout.StdOutImpl' adapter.
2023-08-02 22:22:28.982  INFO 25127 --- [           main] c.a.d.s.b.a.DruidDataSourceAutoConfigure : Init DruidDataSource
2023-08-02 22:22:29.196  INFO 25127 --- [           main] com.alibaba.druid.pool.DruidDataSource   : {dataSource-1} inited
Property 'mapperLocations' was not specified.
 _ _   |_  _ _|_. ___ _ |    _ 
| | |\/|_)(_| | |_\  |_)||_|_\ 
     /               |         
                        3.5.3.1 
2023-08-02 22:22:30.432  INFO 25127 --- [           main] o.s.c.openfeign.FeignClientFactoryBean   : For 'service-ucenter' URL not provided. Will try picking an instance via load-balancing.
2023-08-02 22:22:32.254  INFO 25127 --- [           main] DiscoveryClientOptionalArgsConfiguration : Eureka HTTP Client uses RestTemplate.
2023-08-02 22:22:32.349  WARN 25127 --- [           main] iguration$LoadBalancerCaffeineWarnLogger : Spring Cloud LoadBalancer is currently working with the default cache. While this cache implementation is useful for development and tests, it's recommended to use Caffeine cache in production.You can switch to using Caffeine cache, by adding it and org.springframework.cache.caffeine.CaffeineCacheManager to the classpath.
2023-08-02 22:22:32.411  INFO 25127 --- [           main] o.s.c.n.eureka.InstanceInfoFactory       : Setting initial instance status as: STARTING
2023-08-02 22:22:32.467  INFO 25127 --- [           main] com.netflix.discovery.DiscoveryClient    : Initializing Eureka in region us-east-1
2023-08-02 22:22:32.475  INFO 25127 --- [           main] c.n.d.s.r.aws.ConfigClusterResolver      : Resolving eureka endpoints via configuration
2023-08-02 22:22:32.509  INFO 25127 --- [           main] com.netflix.discovery.DiscoveryClient    : Disable delta property : false
2023-08-02 22:22:32.509  INFO 25127 --- [           main] com.netflix.discovery.DiscoveryClient    : Single vip registry refresh property : null
2023-08-02 22:22:32.509  INFO 25127 --- [           main] com.netflix.discovery.DiscoveryClient    : Force full registry fetch : false
2023-08-02 22:22:32.509  INFO 25127 --- [           main] com.netflix.discovery.DiscoveryClient    : Application is null : false
2023-08-02 22:22:32.509  INFO 25127 --- [           main] com.netflix.discovery.DiscoveryClient    : Registered Applications size is zero : true
2023-08-02 22:22:32.509  INFO 25127 --- [           main] com.netflix.discovery.DiscoveryClient    : Application version is -1: true
2023-08-02 22:22:32.509  INFO 25127 --- [           main] com.netflix.discovery.DiscoveryClient    : Getting all instance registry info from the eureka server
2023-08-02 22:22:32.928  INFO 25127 --- [           main] com.netflix.discovery.DiscoveryClient    : The response status is 200
2023-08-02 22:22:32.930  INFO 25127 --- [           main] com.netflix.discovery.DiscoveryClient    : Starting heartbeat executor: renew interval is: 30
2023-08-02 22:22:32.933  INFO 25127 --- [           main] c.n.discovery.InstanceInfoReplicator     : InstanceInfoReplicator onDemand update allowed rate per min is 4
2023-08-02 22:22:32.938  INFO 25127 --- [           main] com.netflix.discovery.DiscoveryClient    : Discovery Client initialized at timestamp 1690978952937 with initial instances count: 4
2023-08-02 22:22:32.939  INFO 25127 --- [           main] o.s.c.n.e.s.EurekaServiceRegistry        : Registering application SERVICE-STREAM with eureka with status UP
2023-08-02 22:22:32.940  INFO 25127 --- [           main] com.netflix.discovery.DiscoveryClient    : Saw local status change event StatusChangeEvent [timestamp=1690978952940, current=UP, previous=STARTING]
2023-08-02 22:22:32.942  INFO 25127 --- [nfoReplicator-0] com.netflix.discovery.DiscoveryClient    : DiscoveryClient_SERVICE-STREAM/service-stream:192.168.1.106:10940: registering service...
2023-08-02 22:22:32.968  INFO 25127 --- [           main] o.s.b.w.embedded.tomcat.TomcatWebServer  : Tomcat started on port(s): 10940 (http) with context path ''
2023-08-02 22:22:32.969  INFO 25127 --- [           main] .s.c.n.e.s.EurekaAutoServiceRegistration : Updating port to 10940
2023-08-02 22:22:32.973  INFO 25127 --- [           main] o.s.m.s.b.SimpleBrokerMessageHandler     : Starting...
2023-08-02 22:22:32.974  INFO 25127 --- [           main] o.s.m.s.b.SimpleBrokerMessageHandler     : BrokerAvailabilityEvent[available=true, SimpleBrokerMessageHandler [org.springframework.messaging.simp.broker.DefaultSubscriptionRegistry@35d60381]]
2023-08-02 22:22:32.974  INFO 25127 --- [           main] o.s.m.s.b.SimpleBrokerMessageHandler     : Started.
2023-08-02 22:22:32.975  INFO 25127 --- [           main] o.s.a.r.c.CachingConnectionFactory       : Attempting to connect to: [47.74.84.224:5672]
2023-08-02 22:22:33.066  INFO 25127 --- [nfoReplicator-0] com.netflix.discovery.DiscoveryClient    : DiscoveryClient_SERVICE-STREAM/service-stream:192.168.1.106:10940 - registration status: 204
2023-08-02 22:22:33.101  INFO 25127 --- [           main] o.s.a.r.c.CachingConnectionFactory       : Created new connection: rabbitConnectionFactory#3b152928:0/SimpleConnection@ee8e7ff [delegate=amqp://guest@47.74.84.224:5672/, localPort= 63652]
2023-08-02 22:22:33.435  INFO 25127 --- [           main] com.gogohd.stream.StreamApplication      : Started StreamApplication in 7.677 seconds (JVM running for 8.218)
2023-08-02 22:23:08.062  INFO 25127 --- [io-10940-exec-1] o.a.c.c.C.[Tomcat].[localhost].[/]       : Initializing Spring DispatcherServlet 'dispatcherServlet'
2023-08-02 22:23:08.062  INFO 25127 --- [io-10940-exec-1] o.s.web.servlet.DispatcherServlet        : Initializing Servlet 'dispatcherServlet'
2023-08-02 22:23:08.063  INFO 25127 --- [io-10940-exec-1] o.s.web.servlet.DispatcherServlet        : Completed initialization in 1 ms
2023-08-02 22:23:08.375  INFO 25127 --- [io-10940-exec-1] o.springdoc.api.AbstractOpenApiResource  : Init duration for springdoc-openapi is: 268 ms
2023-08-02 22:23:14.954  INFO 25127 --- [ionShutdownHook] o.s.c.n.e.s.EurekaServiceRegistry        : Unregistering application SERVICE-STREAM with eureka with status DOWN
2023-08-02 22:23:14.954  INFO 25127 --- [ionShutdownHook] com.netflix.discovery.DiscoveryClient    : Saw local status change event StatusChangeEvent [timestamp=1690978994954, current=DOWN, previous=UP]
2023-08-02 22:23:14.955  INFO 25127 --- [nfoReplicator-0] com.netflix.discovery.DiscoveryClient    : DiscoveryClient_SERVICE-STREAM/service-stream:192.168.1.106:10940: registering service...
2023-08-02 22:23:14.956  INFO 25127 --- [ionShutdownHook] o.s.m.s.b.SimpleBrokerMessageHandler     : Stopping...
2023-08-02 22:23:14.957  INFO 25127 --- [ionShutdownHook] o.s.m.s.b.SimpleBrokerMessageHandler     : BrokerAvailabilityEvent[available=false, SimpleBrokerMessageHandler [org.springframework.messaging.simp.broker.DefaultSubscriptionRegistry@35d60381]]
2023-08-02 22:23:14.957  INFO 25127 --- [ionShutdownHook] o.s.m.s.b.SimpleBrokerMessageHandler     : Stopped.
2023-08-02 22:23:14.961  INFO 25127 --- [nfoReplicator-0] com.netflix.discovery.DiscoveryClient    : DiscoveryClient_SERVICE-STREAM/service-stream:192.168.1.106:10940 - registration status: 204
2023-08-02 22:23:14.972  INFO 25127 --- [ntContainer#0-2] o.s.a.r.l.SimpleMessageListenerContainer : Waiting for workers to finish.
2023-08-02 22:23:14.985  INFO 25127 --- [ntContainer#1-2] o.s.a.r.l.SimpleMessageListenerContainer : Waiting for workers to finish.
2023-08-02 22:23:15.004  INFO 25127 --- [ntContainer#2-2] o.s.a.r.l.SimpleMessageListenerContainer : Waiting for workers to finish.
2023-08-02 22:23:15.017  INFO 25127 --- [ntContainer#3-2] o.s.a.r.l.SimpleMessageListenerContainer : Waiting for workers to finish.
2023-08-02 22:23:15.295  INFO 25127 --- [ntContainer#0-2] o.s.a.r.l.SimpleMessageListenerContainer : Successfully waited for workers to finish.
2023-08-02 22:23:15.374  INFO 25127 --- [ntContainer#1-2] o.s.a.r.l.SimpleMessageListenerContainer : Successfully waited for workers to finish.
2023-08-02 22:23:15.439  INFO 25127 --- [ntContainer#2-2] o.s.a.r.l.SimpleMessageListenerContainer : Successfully waited for workers to finish.
2023-08-02 22:23:15.517  INFO 25127 --- [ntContainer#3-2] o.s.a.r.l.SimpleMessageListenerContainer : Successfully waited for workers to finish.
2023-08-02 22:23:15.547  INFO 25127 --- [ionShutdownHook] o.s.a.r.l.SimpleMessageListenerContainer : Shutdown ignored - container is already stopped
2023-08-02 22:23:15.547  INFO 25127 --- [ionShutdownHook] o.s.a.r.l.SimpleMessageListenerContainer : Shutdown ignored - container is already stopped
2023-08-02 22:23:15.547  INFO 25127 --- [ionShutdownHook] o.s.a.r.l.SimpleMessageListenerContainer : Shutdown ignored - container is already stopped
2023-08-02 22:23:15.547  INFO 25127 --- [ionShutdownHook] o.s.a.r.l.SimpleMessageListenerContainer : Shutdown ignored - container is already stopped
2023-08-02 22:23:15.567  INFO 25127 --- [ionShutdownHook] com.alibaba.druid.pool.DruidDataSource   : {dataSource-1} closing ...
2023-08-02 22:23:15.568  INFO 25127 --- [ionShutdownHook] com.alibaba.druid.pool.DruidDataSource   : {dataSource-1} closed
2023-08-02 22:23:15.597  INFO 25127 --- [ionShutdownHook] com.netflix.discovery.DiscoveryClient    : Shutting down DiscoveryClient ...
2023-08-02 22:23:18.599  INFO 25127 --- [ionShutdownHook] com.netflix.discovery.DiscoveryClient    : Unregistering ...
2023-08-02 22:23:18.606  INFO 25127 --- [ionShutdownHook] com.netflix.discovery.DiscoveryClient    : DiscoveryClient_SERVICE-STREAM/service-stream:192.168.1.106:10940 - deregister  status: 200
2023-08-02 22:23:18.611  INFO 25127 --- [ionShutdownHook] com.netflix.discovery.DiscoveryClient    : Completed shut down of DiscoveryClient
