
  .   ____          _            __ _ _
 /\\ / ___'_ __ _ _(_)_ __  __ _ \ \ \ \
( ( )\___ | '_ | '_| | '_ \/ _` | \ \ \ \
 \\/  ___)| |_)| | | | | || (_| |  ) ) ) )
  '  |____| .__|_| |_|_| |_\__, | / / / /
 =========|_|==============|___/=/_/_/_/
 :: Spring Boot ::               (v2.6.13)

2023-08-02 22:22:07.185  INFO 23199 --- [           main] com.gogohd.ucenter.UCenterApplication    : Starting UCenterApplication v0.0.1-SNAPSHOT using Java 11.0.19 on BohandeMacBook-Pro.local with PID 23199 (/Users/bohanzhang/COMP9900/backend/brainoverflow/service_ucenter/target/service_ucenter-0.0.1-SNAPSHOT.jar started by bohanzhang in /Users/bohanzhang/COMP9900/backend)
2023-08-02 22:22:07.187  INFO 23199 --- [           main] com.gogohd.ucenter.UCenterApplication    : The following 1 profile is active: "dev"
2023-08-02 22:22:08.009  INFO 23199 --- [           main] .s.d.r.c.RepositoryConfigurationDelegate : Multiple Spring Data modules found, entering strict repository configuration mode
2023-08-02 22:22:08.014  INFO 23199 --- [           main] .s.d.r.c.RepositoryConfigurationDelegate : Bootstrapping Spring Data Redis repositories in DEFAULT mode.
2023-08-02 22:22:08.040  INFO 23199 --- [           main] .s.d.r.c.RepositoryConfigurationDelegate : Finished Spring Data repository scanning in 8 ms. Found 0 Redis repository interfaces.
2023-08-02 22:22:08.386  INFO 23199 --- [           main] o.s.cloud.context.scope.GenericScope     : BeanFactory id=fc359564-064a-32c8-a7d0-100b017cadfa
2023-08-02 22:22:08.742  INFO 23199 --- [           main] trationDelegate$BeanPostProcessorChecker : Bean 'org.springframework.cloud.client.loadbalancer.reactive.LoadBalancerBeanPostProcessorAutoConfiguration' of type [org.springframework.cloud.client.loadbalancer.reactive.LoadBalancerBeanPostProcessorAutoConfiguration] is not eligible for getting processed by all BeanPostProcessors (for example: not eligible for auto-proxying)
2023-08-02 22:22:08.743  INFO 23199 --- [           main] trationDelegate$BeanPostProcessorChecker : Bean 'org.springframework.cloud.client.loadbalancer.reactive.LoadBalancerBeanPostProcessorAutoConfiguration$ReactorDeferringLoadBalancerFilterConfig' of type [org.springframework.cloud.client.loadbalancer.reactive.LoadBalancerBeanPostProcessorAutoConfiguration$ReactorDeferringLoadBalancerFilterConfig] is not eligible for getting processed by all BeanPostProcessors (for example: not eligible for auto-proxying)
2023-08-02 22:22:08.744  INFO 23199 --- [           main] trationDelegate$BeanPostProcessorChecker : Bean 'reactorDeferringLoadBalancerExchangeFilterFunction' of type [org.springframework.cloud.client.loadbalancer.reactive.DeferringLoadBalancerExchangeFilterFunction] is not eligible for getting processed by all BeanPostProcessors (for example: not eligible for auto-proxying)
2023-08-02 22:22:08.996  INFO 23199 --- [           main] o.s.b.w.embedded.tomcat.TomcatWebServer  : Tomcat initialized with port(s): 10910 (http)
2023-08-02 22:22:09.008  INFO 23199 --- [           main] o.apache.catalina.core.StandardService   : Starting service [Tomcat]
2023-08-02 22:22:09.009  INFO 23199 --- [           main] org.apache.catalina.core.StandardEngine  : Starting Servlet engine: [Apache Tomcat/9.0.68]
2023-08-02 22:22:09.094  INFO 23199 --- [           main] o.a.c.c.C.[Tomcat].[localhost].[/]       : Initializing Spring embedded WebApplicationContext
2023-08-02 22:22:09.094  INFO 23199 --- [           main] w.s.c.ServletWebServerApplicationContext : Root WebApplicationContext: initialization completed in 1837 ms
Logging initialized using 'class org.apache.ibatis.logging.stdout.StdOutImpl' adapter.
2023-08-02 22:22:09.299  INFO 23199 --- [           main] c.a.d.s.b.a.DruidDataSourceAutoConfigure : Init DruidDataSource
2023-08-02 22:22:09.510  INFO 23199 --- [           main] com.alibaba.druid.pool.DruidDataSource   : {dataSource-1} inited
Property 'mapperLocations' was not specified.
 _ _   |_  _ _|_. ___ _ |    _ 
| | |\/|_)(_| | |_\  |_)||_|_\ 
     /               |         
                        3.5.3.1 
2023-08-02 22:22:11.825  INFO 23199 --- [           main] DiscoveryClientOptionalArgsConfiguration : Eureka HTTP Client uses RestTemplate.
2023-08-02 22:22:11.950  WARN 23199 --- [           main] iguration$LoadBalancerCaffeineWarnLogger : Spring Cloud LoadBalancer is currently working with the default cache. While this cache implementation is useful for development and tests, it's recommended to use Caffeine cache in production.You can switch to using Caffeine cache, by adding it and org.springframework.cache.caffeine.CaffeineCacheManager to the classpath.
2023-08-02 22:22:11.978  INFO 23199 --- [           main] o.s.c.n.eureka.InstanceInfoFactory       : Setting initial instance status as: STARTING
2023-08-02 22:22:12.037  INFO 23199 --- [           main] com.netflix.discovery.DiscoveryClient    : Initializing Eureka in region us-east-1
2023-08-02 22:22:12.046  INFO 23199 --- [           main] c.n.d.s.r.aws.ConfigClusterResolver      : Resolving eureka endpoints via configuration
2023-08-02 22:22:12.087  INFO 23199 --- [           main] com.netflix.discovery.DiscoveryClient    : Disable delta property : false
2023-08-02 22:22:12.087  INFO 23199 --- [           main] com.netflix.discovery.DiscoveryClient    : Single vip registry refresh property : null
2023-08-02 22:22:12.087  INFO 23199 --- [           main] com.netflix.discovery.DiscoveryClient    : Force full registry fetch : false
2023-08-02 22:22:12.087  INFO 23199 --- [           main] com.netflix.discovery.DiscoveryClient    : Application is null : false
2023-08-02 22:22:12.087  INFO 23199 --- [           main] com.netflix.discovery.DiscoveryClient    : Registered Applications size is zero : true
2023-08-02 22:22:12.087  INFO 23199 --- [           main] com.netflix.discovery.DiscoveryClient    : Application version is -1: true
2023-08-02 22:22:12.087  INFO 23199 --- [           main] com.netflix.discovery.DiscoveryClient    : Getting all instance registry info from the eureka server
2023-08-02 22:22:12.537  INFO 23199 --- [           main] com.netflix.discovery.DiscoveryClient    : The response status is 200
2023-08-02 22:22:12.539  INFO 23199 --- [           main] com.netflix.discovery.DiscoveryClient    : Starting heartbeat executor: renew interval is: 30
2023-08-02 22:22:12.541  INFO 23199 --- [           main] c.n.discovery.InstanceInfoReplicator     : InstanceInfoReplicator onDemand update allowed rate per min is 4
2023-08-02 22:22:12.545  INFO 23199 --- [           main] com.netflix.discovery.DiscoveryClient    : Discovery Client initialized at timestamp 1690978932545 with initial instances count: 0
2023-08-02 22:22:12.547  INFO 23199 --- [           main] o.s.c.n.e.s.EurekaServiceRegistry        : Registering application SERVICE-UCENTER with eureka with status UP
2023-08-02 22:22:12.547  INFO 23199 --- [           main] com.netflix.discovery.DiscoveryClient    : Saw local status change event StatusChangeEvent [timestamp=1690978932547, current=UP, previous=STARTING]
2023-08-02 22:22:12.549  INFO 23199 --- [nfoReplicator-0] com.netflix.discovery.DiscoveryClient    : DiscoveryClient_SERVICE-UCENTER/service-ucenter:192.168.1.106:10910: registering service...
2023-08-02 22:22:12.575  INFO 23199 --- [           main] o.s.b.w.embedded.tomcat.TomcatWebServer  : Tomcat started on port(s): 10910 (http) with context path ''
2023-08-02 22:22:12.576  INFO 23199 --- [           main] .s.c.n.e.s.EurekaAutoServiceRegistration : Updating port to 10910
2023-08-02 22:22:12.594  INFO 23199 --- [           main] com.gogohd.ucenter.UCenterApplication    : Started UCenterApplication in 5.988 seconds (JVM running for 6.529)
2023-08-02 22:22:12.663  INFO 23199 --- [nfoReplicator-0] com.netflix.discovery.DiscoveryClient    : DiscoveryClient_SERVICE-UCENTER/service-ucenter:192.168.1.106:10910 - registration status: 204
2023-08-02 22:22:42.543  INFO 23199 --- [freshExecutor-0] com.netflix.discovery.DiscoveryClient    : Disable delta property : false
2023-08-02 22:22:42.543  INFO 23199 --- [freshExecutor-0] com.netflix.discovery.DiscoveryClient    : Single vip registry refresh property : null
2023-08-02 22:22:42.543  INFO 23199 --- [freshExecutor-0] com.netflix.discovery.DiscoveryClient    : Force full registry fetch : false
2023-08-02 22:22:42.543  INFO 23199 --- [freshExecutor-0] com.netflix.discovery.DiscoveryClient    : Application is null : false
2023-08-02 22:22:42.543  INFO 23199 --- [freshExecutor-0] com.netflix.discovery.DiscoveryClient    : Registered Applications size is zero : true
2023-08-02 22:22:42.543  INFO 23199 --- [freshExecutor-0] com.netflix.discovery.DiscoveryClient    : Application version is -1: false
2023-08-02 22:22:42.543  INFO 23199 --- [freshExecutor-0] com.netflix.discovery.DiscoveryClient    : Getting all instance registry info from the eureka server
2023-08-02 22:22:42.557  INFO 23199 --- [freshExecutor-0] com.netflix.discovery.DiscoveryClient    : The response status is 200
2023-08-02 22:22:56.034  INFO 23199 --- [io-10910-exec-1] o.a.c.c.C.[Tomcat].[localhost].[/]       : Initializing Spring DispatcherServlet 'dispatcherServlet'
2023-08-02 22:22:56.034  INFO 23199 --- [io-10910-exec-1] o.s.web.servlet.DispatcherServlet        : Initializing Servlet 'dispatcherServlet'
2023-08-02 22:22:56.036  INFO 23199 --- [io-10910-exec-1] o.s.web.servlet.DispatcherServlet        : Completed initialization in 2 ms
2023-08-02 22:22:56.385  INFO 23199 --- [io-10910-exec-1] o.springdoc.api.AbstractOpenApiResource  : Init duration for springdoc-openapi is: 292 ms
2023-08-02 22:23:15.191  INFO 23199 --- [ionShutdownHook] o.s.c.n.e.s.EurekaServiceRegistry        : Unregistering application SERVICE-UCENTER with eureka with status DOWN
2023-08-02 22:23:15.191  INFO 23199 --- [ionShutdownHook] com.netflix.discovery.DiscoveryClient    : Saw local status change event StatusChangeEvent [timestamp=1690978995191, current=DOWN, previous=UP]
2023-08-02 22:23:15.191  INFO 23199 --- [nfoReplicator-0] com.netflix.discovery.DiscoveryClient    : DiscoveryClient_SERVICE-UCENTER/service-ucenter:192.168.1.106:10910: registering service...
2023-08-02 22:23:15.198  INFO 23199 --- [nfoReplicator-0] com.netflix.discovery.DiscoveryClient    : DiscoveryClient_SERVICE-UCENTER/service-ucenter:192.168.1.106:10910 - registration status: 204
2023-08-02 22:23:15.242  INFO 23199 --- [ionShutdownHook] com.alibaba.druid.pool.DruidDataSource   : {dataSource-1} closing ...
2023-08-02 22:23:15.244  INFO 23199 --- [ionShutdownHook] com.alibaba.druid.pool.DruidDataSource   : {dataSource-1} closed
2023-08-02 22:23:15.244  INFO 23199 --- [ionShutdownHook] com.netflix.discovery.DiscoveryClient    : Shutting down DiscoveryClient ...
2023-08-02 22:23:18.247  INFO 23199 --- [ionShutdownHook] com.netflix.discovery.DiscoveryClient    : Unregistering ...
2023-08-02 22:23:18.253  INFO 23199 --- [ionShutdownHook] com.netflix.discovery.DiscoveryClient    : DiscoveryClient_SERVICE-UCENTER/service-ucenter:192.168.1.106:10910 - deregister  status: 200
2023-08-02 22:23:18.258  INFO 23199 --- [ionShutdownHook] com.netflix.discovery.DiscoveryClient    : Completed shut down of DiscoveryClient
